-------------------------------------------------------------------------------
Test set: com.nomEmpresa.nomProyecto.servicio.GaleriaServiceTest
-------------------------------------------------------------------------------
Tests run: 6, Failures: 0, Errors: 6, Skipped: 0, Time elapsed: 0.015 s <<< FAILURE! -- in com.nomEmpresa.nomProyecto.servicio.GaleriaServiceTest
com.nomEmpresa.nomProyecto.servicio.GaleriaServiceTest.updateGaleria -- Time elapsed: 0.002 s <<< ERROR!
org.apache.commons.lang3.NotImplementedException
	at com.nomEmpresa.nomProyecto.servicio.GaleriaServiceTest.updateGaleria(GaleriaServiceTest.java:37)
	at java.base/java.lang.reflect.Method.invoke(Method.java:580)
	at java.base/java.util.ArrayList.forEach(ArrayList.java:1596)
	at java.base/java.util.ArrayList.forEach(ArrayList.java:1596)

com.nomEmpresa.nomProyecto.servicio.GaleriaServiceTest.deleteGaleria -- Time elapsed: 0.002 s <<< ERROR!
org.apache.commons.lang3.NotImplementedException
	at com.nomEmpresa.nomProyecto.servicio.GaleriaServiceTest.deleteGaleria(GaleriaServiceTest.java:32)
	at java.base/java.lang.reflect.Method.invoke(Method.java:580)
	at java.base/java.util.ArrayList.forEach(ArrayList.java:1596)
	at java.base/java.util.ArrayList.forEach(ArrayList.java:1596)

com.nomEmpresa.nomProyecto.servicio.GaleriaServiceTest.testListarGalerias -- Time elapsed: 0.001 s <<< ERROR!
org.apache.commons.lang3.NotImplementedException
	at com.nomEmpresa.nomProyecto.servicio.GaleriaServiceTest.testListarGalerias(GaleriaServiceTest.java:17)
	at java.base/java.lang.reflect.Method.invoke(Method.java:580)
	at java.base/java.util.ArrayList.forEach(ArrayList.java:1596)
	at java.base/java.util.ArrayList.forEach(ArrayList.java:1596)

com.nomEmpresa.nomProyecto.servicio.GaleriaServiceTest.listarGaleriasSinArchivos -- Time elapsed: 0.001 s <<< ERROR!
org.apache.commons.lang3.NotImplementedException
	at com.nomEmpresa.nomProyecto.servicio.GaleriaServiceTest.listarGaleriasSinArchivos(GaleriaServiceTest.java:22)
	at java.base/java.lang.reflect.Method.invoke(Method.java:580)
	at java.base/java.util.ArrayList.forEach(ArrayList.java:1596)
	at java.base/java.util.ArrayList.forEach(ArrayList.java:1596)

com.nomEmpresa.nomProyecto.servicio.GaleriaServiceTest.listarGalerias -- Time elapsed: 0.001 s <<< ERROR!
org.apache.commons.lang3.NotImplementedException
	at com.nomEmpresa.nomProyecto.servicio.GaleriaServiceTest.listarGalerias(GaleriaServiceTest.java:12)
	at java.base/java.lang.reflect.Method.invoke(Method.java:580)
	at java.base/java.util.ArrayList.forEach(ArrayList.java:1596)
	at java.base/java.util.ArrayList.forEach(ArrayList.java:1596)

com.nomEmpresa.nomProyecto.servicio.GaleriaServiceTest.crearGaleria -- Time elapsed: 0.002 s <<< ERROR!
org.apache.commons.lang3.NotImplementedException
	at com.nomEmpresa.nomProyecto.servicio.GaleriaServiceTest.crearGaleria(GaleriaServiceTest.java:27)
	at java.base/java.lang.reflect.Method.invoke(Method.java:580)
	at java.base/java.util.ArrayList.forEach(ArrayList.java:1596)
	at java.base/java.util.ArrayList.forEach(ArrayList.java:1596)

