<?xml version="1.0" encoding="UTF-8"?>
<testsuite xmlns:xsi="http://www.w3.org/2001/XMLSchema-instance" xsi:noNamespaceSchemaLocation="https://maven.apache.org/surefire/maven-surefire-plugin/xsd/surefire-test-report.xsd" version="3.0.2" name="com.nomEmpresa.nomProyecto.NomProyectoApplicationTests" time="13.852" tests="1" errors="0" skipped="0" failures="0">
  <properties>
[...]
</properties>
  <testcase name="contextLoads" classname="com.nomEmpresa.nomProyecto.NomProyectoApplicationTests" time="0.496">
    <system-out><![CDATA[21:45:17.733 [main] INFO org.springframework.test.context.support.AnnotationConfigContextLoaderUtils -- Could not detect default configuration classes for test class [com.nomEmpresa.nomProyecto.NomProyectoApplicationTests]: NomProyectoApplicationTests does not declare any static, non-private, non-final, nested classes annotated with @Configuration.
21:45:17.841 [main] INFO org.springframework.boot.test.context.SpringBootTestContextBootstrapper -- Found @SpringBootConfiguration com.nomEmpresa.nomProyecto.NomProyectoApplication for test class com.nomEmpresa.nomProyecto.NomProyectoApplicationTests

  .   ____          _            __ _ _
 /\\ / ___'_ __ _ _(_)_ __  __ _ \ \ \ \
( ( )\___ | '_ | '_| | '_ \/ _` | \ \ \ \
 \\/  ___)| |_)| | | | | || (_| |  ) ) ) )
  '  |____| .__|_| |_|_| |_\__, | / / / /
 =========|_|==============|___/=/_/_/_/

 :: Spring Boot ::                (v3.4.4)

2025-04-30T21:45:18.266-03:00  INFO 8852 --- [nomProyecto] [           main] c.n.n.NomProyectoApplicationTests        : Starting NomProyectoApplicationTests using Java 21.0.3 with PID 8852 (started by matia in D:\Descargas\nomProyecto\nomProyecto)
2025-04-30T21:45:18.267-03:00  INFO 8852 --- [nomProyecto] [           main] c.n.n.NomProyectoApplicationTests        : No active profile set, falling back to 1 default profile: "default"
2025-04-30T21:45:19.302-03:00  INFO 8852 --- [nomProyecto] [           main] .s.d.r.c.RepositoryConfigurationDelegate : Bootstrapping Spring Data JPA repositories in DEFAULT mode.
2025-04-30T21:45:19.387-03:00  INFO 8852 --- [nomProyecto] [           main] .s.d.r.c.RepositoryConfigurationDelegate : Finished Spring Data repository scanning in 71 ms. Found 3 JPA repository interfaces.
2025-04-30T21:45:20.077-03:00  INFO 8852 --- [nomProyecto] [           main] o.hibernate.jpa.internal.util.LogHelper  : HHH000204: Processing PersistenceUnitInfo [name: default]
2025-04-30T21:45:20.196-03:00  INFO 8852 --- [nomProyecto] [           main] org.hibernate.Version                    : HHH000412: Hibernate ORM core version 6.6.11.Final
2025-04-30T21:45:20.249-03:00  INFO 8852 --- [nomProyecto] [           main] o.h.c.internal.RegionFactoryInitiator    : HHH000026: Second-level cache disabled
2025-04-30T21:45:20.681-03:00  INFO 8852 --- [nomProyecto] [           main] o.s.o.j.p.SpringPersistenceUnitInfo      : No LoadTimeWeaver setup: ignoring JPA class transformer
2025-04-30T21:45:20.710-03:00  INFO 8852 --- [nomProyecto] [           main] com.zaxxer.hikari.HikariDataSource       : HikariPool-1 - Starting...
2025-04-30T21:45:24.395-03:00  INFO 8852 --- [nomProyecto] [           main] com.zaxxer.hikari.pool.HikariPool        : HikariPool-1 - Added connection com.mysql.cj.jdbc.ConnectionImpl@36511772
2025-04-30T21:45:24.398-03:00  INFO 8852 --- [nomProyecto] [           main] com.zaxxer.hikari.HikariDataSource       : HikariPool-1 - Start completed.
2025-04-30T21:45:24.854-03:00  WARN 8852 --- [nomProyecto] [           main] org.hibernate.orm.deprecation            : HHH90000025: MySQLDialect does not need to be specified explicitly using 'hibernate.dialect' (remove the property setting and it will be selected by default)
2025-04-30T21:45:24.868-03:00  INFO 8852 --- [nomProyecto] [           main] org.hibernate.orm.connections.pooling    : HHH10001005: Database info:
	Database JDBC URL [Connecting through datasource 'HikariDataSource (HikariPool-1)']
	Database driver: undefined/unknown
	Database version: 8.4.2
	Autocommit mode: undefined/unknown
	Isolation level: undefined/unknown
	Minimum pool size: undefined/unknown
	Maximum pool size: undefined/unknown
2025-04-30T21:45:25.694-03:00  INFO 8852 --- [nomProyecto] [           main] o.h.e.t.j.p.i.JtaPlatformInitiator       : HHH000489: No JTA platform available (set 'hibernate.transaction.jta.platform' to enable JTA platform integration)
2025-04-30T21:45:28.560-03:00  INFO 8852 --- [nomProyecto] [           main] j.LocalContainerEntityManagerFactoryBean : Initialized JPA EntityManagerFactory for persistence unit 'default'
2025-04-30T21:45:28.937-03:00  INFO 8852 --- [nomProyecto] [           main] o.s.d.j.r.query.QueryEnhancerFactory     : Hibernate is in classpath; If applicable, HQL parser will be used.
2025-04-30T21:45:30.128-03:00  WARN 8852 --- [nomProyecto] [           main] JpaBaseConfiguration$JpaWebConfiguration : spring.jpa.open-in-view is enabled by default. Therefore, database queries may be performed during view rendering. Explicitly configure spring.jpa.open-in-view to disable this warning
2025-04-30T21:45:30.160-03:00  INFO 8852 --- [nomProyecto] [           main] eAuthenticationProviderManagerConfigurer : Global AuthenticationManager configured with AuthenticationProvider bean with name authenticationProvider
2025-04-30T21:45:30.160-03:00  WARN 8852 --- [nomProyecto] [           main] r$InitializeUserDetailsManagerConfigurer : Global AuthenticationManager configured with an AuthenticationProvider bean. UserDetailsService beans will not be used by Spring Security for automatically configuring username/password login. Consider removing the AuthenticationProvider bean. Alternatively, consider using the UserDetailsService in a manually instantiated DaoAuthenticationProvider. If the current configuration is intentional, to turn off this warning, increase the logging level of 'org.springframework.security.config.annotation.authentication.configuration.InitializeUserDetailsBeanManagerConfigurer' to ERROR
2025-04-30T21:45:30.934-03:00  INFO 8852 --- [nomProyecto] [           main] c.n.n.NomProyectoApplicationTests        : Started NomProyectoApplicationTests in 12.955 seconds (process running for 13.952)
]]></system-out>
    <system-err><![CDATA[Mockito is currently self-attaching to enable the inline-mock-maker. This will no longer work in future releases of the JDK. Please add Mockito as an agent to your build what is described in Mockito's documentation: https://javadoc.io/doc/org.mockito/mockito-core/latest/org/mockito/Mockito.html#0.3
WARNING: A Java agent has been loaded dynamically (C:\Users\matia\.m2\repository\net\bytebuddy\byte-buddy-agent\1.15.11\byte-buddy-agent-1.15.11.jar)
WARNING: If a serviceability tool is in use, please run with -XX:+EnableDynamicAgentLoading to hide this warning
WARNING: If a serviceability tool is not in use, please run with -Djdk.instrument.traceUsage for more information
WARNING: Dynamic loading of agents will be disallowed by default in a future release
]]></system-err>
  </testcase>
</testsuite>