<?xml version="1.0" encoding="UTF-8"?>
<testsuite xmlns:xsi="http://www.w3.org/2001/XMLSchema-instance" xsi:noNamespaceSchemaLocation="https://maven.apache.org/surefire/maven-surefire-plugin/xsd/surefire-test-report.xsd" version="3.0.2" name="com.nomEmpresa.nomProyecto.controladores.AdminControllerTest" time="32.196" tests="5" errors="0" skipped="0" failures="2">
  <properties>
[...]
</properties>
  <testcase name="updateGaleria" classname="com.nomEmpresa.nomProyecto.controladores.AdminControllerTest" time="2.844">
    <failure message="expected: &lt;200 OK&gt; but was: &lt;404 NOT_FOUND&gt;" type="org.opentest4j.AssertionFailedError"><![CDATA[org.opentest4j.AssertionFailedError: expected: <200 OK> but was: <404 NOT_FOUND>
	at org.junit.jupiter.api.AssertionFailureBuilder.build(AssertionFailureBuilder.java:151)
	at org.junit.jupiter.api.AssertionFailureBuilder.buildAndThrow(AssertionFailureBuilder.java:132)
	at org.junit.jupiter.api.AssertEquals.failNotEqual(AssertEquals.java:197)
	at org.junit.jupiter.api.AssertEquals.assertEquals(AssertEquals.java:182)
	at org.junit.jupiter.api.AssertEquals.assertEquals(AssertEquals.java:177)
	at org.junit.jupiter.api.Assertions.assertEquals(Assertions.java:1145)
	at com.nomEmpresa.nomProyecto.controladores.AdminControllerTest.updateGaleria(AdminControllerTest.java:192)
	at java.base/java.lang.reflect.Method.invoke(Method.java:580)
	at java.base/java.util.ArrayList.forEach(ArrayList.java:1596)
	at java.base/java.util.ArrayList.forEach(ArrayList.java:1596)
]]></failure>
    <system-out><![CDATA[19:31:38.762 [main] INFO org.springframework.test.context.support.AnnotationConfigContextLoaderUtils -- Could not detect default configuration classes for test class [com.nomEmpresa.nomProyecto.controladores.AdminControllerTest]: AdminControllerTest does not declare any static, non-private, non-final, nested classes annotated with @Configuration.
19:31:38.981 [main] INFO org.springframework.boot.test.context.SpringBootTestContextBootstrapper -- Found @SpringBootConfiguration com.nomEmpresa.nomProyecto.NomProyectoApplication for test class com.nomEmpresa.nomProyecto.controladores.AdminControllerTest

  .   ____          _            __ _ _
 /\\ / ___'_ __ _ _(_)_ __  __ _ \ \ \ \
( ( )\___ | '_ | '_| | '_ \/ _` | \ \ \ \
 \\/  ___)| |_)| | | | | || (_| |  ) ) ) )
  '  |____| .__|_| |_|_| |_\__, | / / / /
 =========|_|==============|___/=/_/_/_/

 :: Spring Boot ::                (v3.4.4)

2025-05-28T19:31:39.499-03:00  INFO 10484 --- [nomProyecto] [           main] c.n.n.controladores.AdminControllerTest  : Starting AdminControllerTest using Java 21.0.7 with PID 10484 (started by Matias in C:\Users\Matias\Documents\nomProyecto\nomProyecto)
2025-05-28T19:31:39.499-03:00  INFO 10484 --- [nomProyecto] [           main] c.n.n.controladores.AdminControllerTest  : No active profile set, falling back to 1 default profile: "default"
2025-05-28T19:31:40.616-03:00  INFO 10484 --- [nomProyecto] [           main] .s.d.r.c.RepositoryConfigurationDelegate : Bootstrapping Spring Data JPA repositories in DEFAULT mode.
2025-05-28T19:31:40.709-03:00  INFO 10484 --- [nomProyecto] [           main] .s.d.r.c.RepositoryConfigurationDelegate : Finished Spring Data repository scanning in 81 ms. Found 3 JPA repository interfaces.
2025-05-28T19:31:42.645-03:00  INFO 10484 --- [nomProyecto] [           main] o.hibernate.jpa.internal.util.LogHelper  : HHH000204: Processing PersistenceUnitInfo [name: default]
2025-05-28T19:31:42.720-03:00  INFO 10484 --- [nomProyecto] [           main] org.hibernate.Version                    : HHH000412: Hibernate ORM core version 6.6.11.Final
2025-05-28T19:31:42.765-03:00  INFO 10484 --- [nomProyecto] [           main] o.h.c.internal.RegionFactoryInitiator    : HHH000026: Second-level cache disabled
2025-05-28T19:31:42.949-03:00  INFO 10484 --- [nomProyecto] [           main] o.s.o.j.p.SpringPersistenceUnitInfo      : No LoadTimeWeaver setup: ignoring JPA class transformer
2025-05-28T19:31:46.612-03:00  WARN 10484 --- [nomProyecto] [           main] org.hibernate.orm.deprecation            : HHH90000025: MySQLDialect does not need to be specified explicitly using 'hibernate.dialect' (remove the property setting and it will be selected by default)
2025-05-28T19:31:46.659-03:00  INFO 10484 --- [nomProyecto] [           main] org.hibernate.orm.connections.pooling    : HHH10001005: Database info:
	Database JDBC URL [Connecting through datasource 'org.springframework.jdbc.datasource.DriverManagerDataSource@59f3426f']
	Database driver: undefined/unknown
	Database version: 8.0.22
	Autocommit mode: undefined/unknown
	Isolation level: undefined/unknown
	Minimum pool size: undefined/unknown
	Maximum pool size: undefined/unknown
2025-05-28T19:31:47.733-03:00  INFO 10484 --- [nomProyecto] [           main] o.h.e.t.j.p.i.JtaPlatformInitiator       : HHH000489: No JTA platform available (set 'hibernate.transaction.jta.platform' to enable JTA platform integration)
2025-05-28T19:31:55.927-03:00  INFO 10484 --- [nomProyecto] [           main] j.LocalContainerEntityManagerFactoryBean : Initialized JPA EntityManagerFactory for persistence unit 'default'
2025-05-28T19:31:57.088-03:00  WARN 10484 --- [nomProyecto] [           main] JpaBaseConfiguration$JpaWebConfiguration : spring.jpa.open-in-view is enabled by default. Therefore, database queries may be performed during view rendering. Explicitly configure spring.jpa.open-in-view to disable this warning
2025-05-28T19:31:57.119-03:00  INFO 10484 --- [nomProyecto] [           main] eAuthenticationProviderManagerConfigurer : Global AuthenticationManager configured with AuthenticationProvider bean with name authenticationProvider
2025-05-28T19:31:57.121-03:00  WARN 10484 --- [nomProyecto] [           main] r$InitializeUserDetailsManagerConfigurer : Global AuthenticationManager configured with an AuthenticationProvider bean. UserDetailsService beans will not be used by Spring Security for automatically configuring username/password login. Consider removing the AuthenticationProvider bean. Alternatively, consider using the UserDetailsService in a manually instantiated DaoAuthenticationProvider. If the current configuration is intentional, to turn off this warning, increase the logging level of 'org.springframework.security.config.annotation.authentication.configuration.InitializeUserDetailsBeanManagerConfigurer' to ERROR
2025-05-28T19:31:57.840-03:00  INFO 10484 --- [nomProyecto] [           main] c.n.n.controladores.AdminControllerTest  : Started AdminControllerTest in 18.66 seconds (process running for 20.124)
Hibernate: select a1_0.nombre,a1_0.contrasenia,a1_0.rol from administrador a1_0 where a1_0.nombre=?
Hibernate: update administrador set contrasenia=?,rol=? where nombre=?
]]></system-out>
    <system-err><![CDATA[Mockito is currently self-attaching to enable the inline-mock-maker. This will no longer work in future releases of the JDK. Please add Mockito as an agent to your build what is described in Mockito's documentation: https://javadoc.io/doc/org.mockito/mockito-core/latest/org/mockito/Mockito.html#0.3
WARNING: A Java agent has been loaded dynamically (C:\Users\Matias\.m2\repository\net\bytebuddy\byte-buddy-agent\1.15.11\byte-buddy-agent-1.15.11.jar)
WARNING: If a serviceability tool is in use, please run with -XX:+EnableDynamicAgentLoading to hide this warning
WARNING: If a serviceability tool is not in use, please run with -Djdk.instrument.traceUsage for more information
WARNING: Dynamic loading of agents will be disallowed by default in a future release
]]></system-err>
  </testcase>
  <testcase name="deleteMulti" classname="com.nomEmpresa.nomProyecto.controladores.AdminControllerTest" time="1.198">
    <system-out><![CDATA[2025-05-28T19:32:04.004-03:00  WARN 10484 --- [nomProyecto] [           main] c.a.http.apache.utils.ApacheUtils        : NoSuchMethodException was thrown when disabling normalizeUri. This indicates you are using an old version (< 4.5.8) of Apache http client. It is recommended to use http client version >= 4.5.9 to avoid the breaking change introduced in apache client 4.5.7 and the latency in exception handling. See https://github.com/aws/aws-sdk-java/issues/1919 for more information
]]></system-out>
  </testcase>
  <testcase name="deleteGaleria" classname="com.nomEmpresa.nomProyecto.controladores.AdminControllerTest" time="3.144"/>
  <testcase name="listarGalerias" classname="com.nomEmpresa.nomProyecto.controladores.AdminControllerTest" time="0.019"/>
  <testcase name="crearGaleria" classname="com.nomEmpresa.nomProyecto.controladores.AdminControllerTest" time="2.435">
    <failure message="expected: &lt;201 CREATED&gt; but was: &lt;500 INTERNAL_SERVER_ERROR&gt;" type="org.opentest4j.AssertionFailedError"><![CDATA[org.opentest4j.AssertionFailedError: expected: <201 CREATED> but was: <500 INTERNAL_SERVER_ERROR>
	at org.junit.jupiter.api.AssertionFailureBuilder.build(AssertionFailureBuilder.java:151)
	at org.junit.jupiter.api.AssertionFailureBuilder.buildAndThrow(AssertionFailureBuilder.java:132)
	at org.junit.jupiter.api.AssertEquals.failNotEqual(AssertEquals.java:197)
	at org.junit.jupiter.api.AssertEquals.assertEquals(AssertEquals.java:182)
	at org.junit.jupiter.api.AssertEquals.assertEquals(AssertEquals.java:177)
	at org.junit.jupiter.api.Assertions.assertEquals(Assertions.java:1145)
	at com.nomEmpresa.nomProyecto.controladores.AdminControllerTest.crearGaleria(AdminControllerTest.java:153)
	at java.base/java.lang.reflect.Method.invoke(Method.java:580)
	at java.base/java.util.ArrayList.forEach(ArrayList.java:1596)
	at java.base/java.util.ArrayList.forEach(ArrayList.java:1596)
]]></failure>
  </testcase>
</testsuite>