<?xml version="1.0" encoding="UTF-8"?>
<testsuite xmlns:xsi="http://www.w3.org/2001/XMLSchema-instance" xsi:noNamespaceSchemaLocation="https://maven.apache.org/surefire/maven-surefire-plugin/xsd/surefire-test-report.xsd" version="3.0.2" name="com.nomEmpresa.nomProyecto.NomProyectoApplicationTests" time="7.692" tests="1" errors="0" skipped="0" failures="0">
  <properties>
[...]
</properties>
  <testcase name="contextLoads" classname="com.nomEmpresa.nomProyecto.NomProyectoApplicationTests" time="0.031">
    <system-out><![CDATA[18:40:38.334 [main] INFO org.springframework.test.context.support.AnnotationConfigContextLoaderUtils -- Could not detect default configuration classes for test class [com.nomEmpresa.nomProyecto.NomProyectoApplicationTests]: NomProyectoApplicationTests does not declare any static, non-private, non-final, nested classes annotated with @Configuration.
18:40:38.513 [main] INFO org.springframework.boot.test.context.SpringBootTestContextBootstrapper -- Found @SpringBootConfiguration com.nomEmpresa.nomProyecto.NomProyectoApplication for test class com.nomEmpresa.nomProyecto.NomProyectoApplicationTests

  .   ____          _            __ _ _
 /\\ / ___'_ __ _ _(_)_ __  __ _ \ \ \ \
( ( )\___ | '_ | '_| | '_ \/ _` | \ \ \ \
 \\/  ___)| |_)| | | | | || (_| |  ) ) ) )
  '  |____| .__|_| |_|_| |_\__, | / / / /
 =========|_|==============|___/=/_/_/_/

 :: Spring Boot ::                (v3.4.4)

2025-05-14T18:40:39.013-03:00  INFO 14248 --- [nomProyecto] [           main] c.n.n.NomProyectoApplicationTests        : Starting NomProyectoApplicationTests using Java 21.0.7 with PID 14248 (started by Matias in C:\Users\Matias\Documents\nomProyecto\nomProyecto)
2025-05-14T18:40:39.015-03:00  INFO 14248 --- [nomProyecto] [           main] c.n.n.NomProyectoApplicationTests        : No active profile set, falling back to 1 default profile: "default"
2025-05-14T18:40:40.120-03:00  INFO 14248 --- [nomProyecto] [           main] .s.d.r.c.RepositoryConfigurationDelegate : Bootstrapping Spring Data JPA repositories in DEFAULT mode.
2025-05-14T18:40:40.192-03:00  INFO 14248 --- [nomProyecto] [           main] .s.d.r.c.RepositoryConfigurationDelegate : Finished Spring Data repository scanning in 66 ms. Found 3 JPA repository interfaces.
2025-05-14T18:40:40.777-03:00  INFO 14248 --- [nomProyecto] [           main] o.hibernate.jpa.internal.util.LogHelper  : HHH000204: Processing PersistenceUnitInfo [name: default]
2025-05-14T18:40:40.824-03:00  INFO 14248 --- [nomProyecto] [           main] org.hibernate.Version                    : HHH000412: Hibernate ORM core version 6.6.11.Final
2025-05-14T18:40:40.872-03:00  INFO 14248 --- [nomProyecto] [           main] o.h.c.internal.RegionFactoryInitiator    : HHH000026: Second-level cache disabled
2025-05-14T18:40:41.041-03:00  INFO 14248 --- [nomProyecto] [           main] o.s.o.j.p.SpringPersistenceUnitInfo      : No LoadTimeWeaver setup: ignoring JPA class transformer
2025-05-14T18:40:41.587-03:00  WARN 14248 --- [nomProyecto] [           main] org.hibernate.orm.deprecation            : HHH90000025: MySQLDialect does not need to be specified explicitly using 'hibernate.dialect' (remove the property setting and it will be selected by default)
2025-05-14T18:40:41.600-03:00  INFO 14248 --- [nomProyecto] [           main] org.hibernate.orm.connections.pooling    : HHH10001005: Database info:
	Database JDBC URL [Connecting through datasource 'org.springframework.jdbc.datasource.DriverManagerDataSource@5d3b6585']
	Database driver: undefined/unknown
	Database version: 8.4.5
	Autocommit mode: undefined/unknown
	Isolation level: undefined/unknown
	Minimum pool size: undefined/unknown
	Maximum pool size: undefined/unknown
2025-05-14T18:40:42.718-03:00  INFO 14248 --- [nomProyecto] [           main] o.h.e.t.j.p.i.JtaPlatformInitiator       : HHH000489: No JTA platform available (set 'hibernate.transaction.jta.platform' to enable JTA platform integration)
2025-05-14T18:40:42.905-03:00  INFO 14248 --- [nomProyecto] [           main] j.LocalContainerEntityManagerFactoryBean : Initialized JPA EntityManagerFactory for persistence unit 'default'
2025-05-14T18:40:43.370-03:00  INFO 14248 --- [nomProyecto] [           main] o.s.d.j.r.query.QueryEnhancerFactory     : Hibernate is in classpath; If applicable, HQL parser will be used.
2025-05-14T18:40:44.676-03:00  WARN 14248 --- [nomProyecto] [           main] JpaBaseConfiguration$JpaWebConfiguration : spring.jpa.open-in-view is enabled by default. Therefore, database queries may be performed during view rendering. Explicitly configure spring.jpa.open-in-view to disable this warning
2025-05-14T18:40:44.696-03:00  INFO 14248 --- [nomProyecto] [           main] eAuthenticationProviderManagerConfigurer : Global AuthenticationManager configured with AuthenticationProvider bean with name authenticationProvider
2025-05-14T18:40:44.696-03:00  WARN 14248 --- [nomProyecto] [           main] r$InitializeUserDetailsManagerConfigurer : Global AuthenticationManager configured with an AuthenticationProvider bean. UserDetailsService beans will not be used by Spring Security for automatically configuring username/password login. Consider removing the AuthenticationProvider bean. Alternatively, consider using the UserDetailsService in a manually instantiated DaoAuthenticationProvider. If the current configuration is intentional, to turn off this warning, increase the logging level of 'org.springframework.security.config.annotation.authentication.configuration.InitializeUserDetailsBeanManagerConfigurer' to ERROR
2025-05-14T18:40:45.491-03:00  INFO 14248 --- [nomProyecto] [           main] c.n.n.NomProyectoApplicationTests        : Started NomProyectoApplicationTests in 6.778 seconds (process running for 9.761)
Hibernate: select a1_0.nombre,a1_0.contrasenia,a1_0.rol from administrador a1_0 where a1_0.nombre=?
Hibernate: update administrador set contrasenia=?,rol=? where nombre=?
]]></system-out>
  </testcase>
</testsuite>